The system is: Windows - 10.0.19045 - AMD64
Compiling the CXX compiler identification source file "CMakeCXXCompilerId.cpp" succeeded.
Compiler:  
Build flags: 
Id flags:  

The output was:
0
MSBuild version 17.5.1+f6fdcf537 for .NET Framework
Oluşturma başlatıldı: 27.03.2023 20:15:51.
Included response file: C:\Program Files\Microsoft Visual Studio\2022\Community\MSBuild\Current\Bin\amd64\MSBuild.rsp

1 düğümünde "D:\yazılımproje\fitness_app_okul-deneme\build\windows\CMakeFiles\3.25.1-msvc1\CompilerIdCXX\CompilerIdCXX.vcxproj" projesi (varsayılan hedefler).
PrepareForBuild:
  "Debug\" dizini oluşturuluyor.
  "Debug\CompilerIdCXX.tlog\" dizini oluşturuluyor.
InitializeBuildStatus:
  "AlwaysCreate" belirtildiği için "Debug\CompilerIdCXX.tlog\unsuccessfulbuild" oluşturuluyor.
ClCompile:
  C:\Program Files\Microsoft Visual Studio\2022\Community\VC\Tools\MSVC\14.35.32215\bin\HostX64\x64\CL.exe /c /nologo /W0 /WX- /diagnostics:column /Od /D _MBCS /Gm- /EHsc /RTC1 /MDd /GS /fp:precise /Zc:wchar_t /Zc:forScope /Zc:inline /Fo"Debug\\" /Fd"Debug\vc143.pdb" /external:W0 /Gd /TP /FC /errorReport:queue CMakeCXXCompilerId.cpp
  CMakeCXXCompilerId.cpp
Link:
  C:\Program Files\Microsoft Visual Studio\2022\Community\VC\Tools\MSVC\14.35.32215\bin\HostX64\x64\link.exe /ERRORREPORT:QUEUE /OUT:".\CompilerIdCXX.exe" /INCREMENTAL:NO /NOLOGO kernel32.lib user32.lib gdi32.lib winspool.lib comdlg32.lib advapi32.lib shell32.lib ole32.lib oleaut32.lib uuid.lib odbc32.lib odbccp32.lib /MANIFEST /MANIFESTUAC:"level='asInvoker' uiAccess='false'" /manifest:embed /PDB:".\CompilerIdCXX.pdb" /SUBSYSTEM:CONSOLE /TLBID:1 /DYNAMICBASE /NXCOMPAT /IMPLIB:".\CompilerIdCXX.lib" /MACHINE:X64 Debug\CMakeCXXCompilerId.obj
  CompilerIdCXX.vcxproj -> D:\yazılımproje\fitness_app_okul-deneme\build\windows\CMakeFiles\3.25.1-msvc1\CompilerIdCXX\CompilerIdCXX.exe
PostBuildEvent:
  for %%i in (cl.exe) do @echo CMAKE_CXX_COMPILER=%%~$PATH:i
  :VCEnd
  CMAKE_CXX_COMPILER=C:\Program Files\Microsoft Visual Studio\2022\Community\VC\Tools\MSVC\14.35.32215\bin\Hostx64\x64\cl.exe
FinalizeBuildStatus:
  "Debug\CompilerIdCXX.tlog\unsuccessfulbuild" dosyası siliniyor.
  "Debug\CompilerIdCXX.tlog\CompilerIdCXX.lastbuildstate" öğesine erişiliyor.
"D:\yazılımproje\fitness_app_okul-deneme\build\windows\CMakeFiles\3.25.1-msvc1\CompilerIdCXX\CompilerIdCXX.vcxproj" Projesini Oluşturma İşlemi Tamamlandı (varsayılan hedefler).

Oluşturma başarılı oldu.
    0 Uyarı
    0 Hata

Geçen Süre 00:00:00.91


Compilation of the CXX compiler identification source "CMakeCXXCompilerId.cpp" produced "CompilerIdCXX.exe"

Compilation of the CXX compiler identification source "CMakeCXXCompilerId.cpp" produced "CompilerIdCXX.vcxproj"

The CXX compiler identification is MSVC, found in "D:/yazılımproje/fitness_app_okul-deneme/build/windows/CMakeFiles/3.25.1-msvc1/CompilerIdCXX/CompilerIdCXX.exe"

Detecting CXX compiler ABI info compiled with the following output:
Change Dir: D:/yazılımproje/fitness_app_okul-deneme/build/windows/CMakeFiles/CMakeScratch/TryCompile-p34uhp

Run Build Command(s):C:/Program Files/Microsoft Visual Studio/2022/Community/MSBuild/Current/Bin/amd64/MSBuild.exe cmTC_a0e69.vcxproj /p:Configuration=Debug /p:Platform=x64 /p:VisualStudioVersion=17.0 /v:m && MSBuild version 17.5.1+f6fdcf537 for .NET Framework

  x64 için Microsoft (R) C/C++ İyileştirmeli Derleyicisi Sürüm 19.35.32216.1
  CMakeCXXCompilerABI.cpp
  Telif Hakkı (C) Microsoft Corporation. Tüm hakları saklıdır.
  cl /c /Zi /W3 /WX- /diagnostics:column /Od /Ob0 /D _MBCS /D WIN32 /D _WINDOWS /D "CMAKE_INTDIR=\"Debug\"" /Gm- /EHsc /RTC1 /MDd /GS /fp:precise /Zc:wchar_t /Zc:forScope /Zc:inline /GR /Fo"cmTC_a0e69.dir\Debug\\" /Fd"cmTC_a0e69.dir\Debug\vc143.pdb" /external:W3 /Gd /TP /errorReport:queue "C:\Program Files\Microsoft Visual Studio\2022\Community\Common7\IDE\CommonExtensions\Microsoft\CMake\CMake\share\cmake-3.25\Modules\CMakeCXXCompilerABI.cpp"
  cmTC_a0e69.vcxproj -> D:\yazılımproje\fitness_app_okul-deneme\build\windows\CMakeFiles\CMakeScratch\TryCompile-p34uhp\Debug\cmTC_a0e69.exe



